{"level":"info","message":"⌛ Building environment","timeElapsed":164,"timestamp":"2025-07-12T02:36:17.115Z"}
{"level":"info","message":"⌛ Building environment","timeElapsed":127,"timestamp":"2025-07-12T02:36:17.248Z"}
{"level":"info","message":"⌛ Validating harrypoter/example.wlk","timeElapsed":131,"timestamp":"2025-07-12T02:36:17.676Z"}
{"level":"info","message":"⌛ Building environment","timeElapsed":137,"timestamp":"2025-07-12T02:36:17.814Z"}
{"level":"info","message":"⌛ Validating wolloktest.wtest","timeElapsed":130,"timestamp":"2025-07-12T02:36:17.960Z"}
{"level":"info","message":"⌛ Validating harrypoter/testExample.wtest","timeElapsed":111,"timestamp":"2025-07-12T02:36:18.071Z"}
{"level":"info","message":"⌛ Validating example.wlk","timeElapsed":106,"timestamp":"2025-07-12T02:36:18.177Z"}
{"level":"info","message":"⌛ Validating harrypoter/example.wlk","timeElapsed":107,"timestamp":"2025-07-12T02:36:18.286Z"}
{"level":"info","message":"⌛ Building environment","timeElapsed":112,"timestamp":"2025-07-12T02:36:48.680Z"}
{"level":"info","message":"⌛ Building environment","timeElapsed":118,"timestamp":"2025-07-12T02:36:48.798Z"}
{"level":"info","message":"Removing diagnostics from /c:/Users/alana/harrypoter1/harrypoter/example.wlk","timestamp":"2025-07-12T02:36:48.938Z"}
{"level":"info","message":"⌛ Validating harrypoter/aaa.wlk","timeElapsed":113,"timestamp":"2025-07-12T02:36:49.051Z"}
{"level":"info","message":"⌛ Building environment","timeElapsed":110,"timestamp":"2025-07-12T02:36:53.247Z"}
{"level":"info","message":"⌛ Building environment","timeElapsed":148,"timestamp":"2025-07-12T02:36:53.395Z"}
{"level":"info","message":"⌛ Validating harrypoter/aaaa.wtest","timeElapsed":137,"timestamp":"2025-07-12T02:36:53.596Z"}
{"level":"info","message":"Removing diagnostics from /c:/Users/alana/harrypoter1/harrypoter/testExample.wtest","timestamp":"2025-07-12T02:36:53.597Z"}
{"level":"info","message":"⌛ Building environment","timeElapsed":142,"timestamp":"2025-07-12T02:36:56.884Z"}
{"level":"info","message":"⌛ Building environment","timeElapsed":170,"timestamp":"2025-07-12T02:36:57.058Z"}
{"level":"info","message":"⌛ Validating aaaa.wtest","timeElapsed":145,"timestamp":"2025-07-12T02:36:57.213Z"}
{"level":"info","message":"Removing diagnostics from /c:/Users/alana/harrypoter1/harrypoter/aaaa.wtest","timestamp":"2025-07-12T02:36:57.213Z"}
{"level":"info","message":"⌛ Building environment","timeElapsed":107,"timestamp":"2025-07-12T02:36:59.451Z"}
{"level":"info","message":"⌛ Building environment","timeElapsed":106,"timestamp":"2025-07-12T02:36:59.558Z"}
{"level":"info","message":"⌛ Building environment","timeElapsed":172,"timestamp":"2025-07-12T02:36:59.730Z"}
{"level":"info","message":"⌛ Validating aaa.wlk","timeElapsed":124,"timestamp":"2025-07-12T02:36:59.862Z"}
{"level":"info","message":"Removing diagnostics from /c:/Users/alana/harrypoter1/harrypoter/aaa.wlk","timestamp":"2025-07-12T02:36:59.862Z"}
